Using pre-set license
Built from '2020.3/staging' branch; Version is '2020.3.10f1 (297d780c91bc) revision 2719096'; Using compiler version '192528614'; Build Type 'Release'
OS: 'Windows 7  (6.1.0) 64bit' Language: 'ru' Physical Memory: 4077 MB
BatchMode: 1, IsHumanControllingUs: 0, StartBugReporterOnCrash: 0, Is64bit: 1, IsPro: 0

 COMMAND LINE ARGUMENTS:
C:\Program Files\Unity\Hub\Editor\2020.3.10f1\Editor\Unity.exe
-adb2
-batchMode
-noUpm
-name
AssetImportWorker2
-projectPath
C:/Users/user/New Unity Project (2)/New Unity Project
-logFile
Logs/AssetImportWorker2.log
-srvPort
51921
Successfully changed project path to: C:/Users/user/New Unity Project (2)/New Unity Project
C:/Users/user/New Unity Project (2)/New Unity Project
Using Asset Import Pipeline V2.
Refreshing native plugins compatible for Editor in 98.59 ms, found 2 plugins.
Preloading 0 native plugins for Editor in 0.00 ms.
Initialize engine version: 2020.3.10f1 (297d780c91bc)
[Subsystems] Discovering subsystems at path C:/Program Files/Unity/Hub/Editor/2020.3.10f1/Editor/Data/Resources/UnitySubsystems
[Subsystems] Discovering subsystems at path C:/Users/user/New Unity Project (2)/New Unity Project/Assets
GfxDevice: creating device client; threaded=0
d3d11: CreateDXGIFactory2(...) not found, fallbacking to CreateDXGIFactory1(...).
d3d11: QueryInterface(IDXGIFactory5) failed (80004002).
Direct3D:
    Version:  Direct3D 11.0 [level 11.0]
    Renderer: NVIDIA GeForce GT 540M (ID=0xdf4)
    Vendor:   
    VRAM:     993 MB
    Driver:   8.17.12.6901
Could not load symbol clCreateImage : Не найдена указанная процедура.


Could not load symbol clEnqueueFillBuffer : Не найдена указанная процедура.


Could not load symbol clEnqueueFillImage : Не найдена указанная процедура.


Could not load symbol clEnqueueMarkerWithWaitList : Не найдена указанная процедура.


Could not load symbol clGetExtensionFunctionAddressForPlatform : Не найдена указанная процедура.


Could not load symbol clUnloadPlatformCompiler : Не найдена указанная процедура.


Could not load symbol clCreateFromGLTexture : Не найдена указанная процедура.


Initialize mono
Mono path[0] = 'C:/Program Files/Unity/Hub/Editor/2020.3.10f1/Editor/Data/Managed'
Mono path[1] = 'C:/Program Files/Unity/Hub/Editor/2020.3.10f1/Editor/Data/MonoBleedingEdge/lib/mono/unityjit'
Mono config path = 'C:/Program Files/Unity/Hub/Editor/2020.3.10f1/Editor/Data/MonoBleedingEdge/etc'
Using monoOptions --debugger-agent=transport=dt_socket,embedding=1,server=y,suspend=n,address=127.0.0.1:56168
Begin MonoManager ReloadAssembly
Registering precompiled unity dll's ...
Register platform support module: C:/Program Files/Unity/Hub/Editor/2020.3.10f1/Editor/Data/PlaybackEngines/WebGLSupport/UnityEditor.WebGL.Extensions.dll
Register platform support module: C:/Program Files/Unity/Hub/Editor/2020.3.10f1/Editor/Data/PlaybackEngines/WindowsStandaloneSupport/UnityEditor.WindowsStandalone.Extensions.dll
Registered in 0.002327 seconds.
Native extension for WindowsStandalone target not found
Native extension for WebGL target not found
Refreshing native plugins compatible for Editor in 63.68 ms, found 2 plugins.
Preloading 0 native plugins for Editor in 0.00 ms.
Mono: successfully reloaded assembly
- Completed reload, in  1.747 seconds
Platform modules already initialized, skipping
Registering precompiled user dll's ...
Registered in 0.006340 seconds.
Begin MonoManager ReloadAssembly
Native extension for WindowsStandalone target not found
Native extension for WebGL target not found
Refreshing native plugins compatible for Editor in 0.64 ms, found 2 plugins.
Preloading 0 native plugins for Editor in 0.00 ms.
Mono: successfully reloaded assembly
- Completed reload, in  3.928 seconds
Platform modules already initialized, skipping
========================================================================
Worker process is ready to serve import requests
Launched and connected shader compiler UnityShaderCompiler.exe after 0.13 seconds
Refreshing native plugins compatible for Editor in 1.07 ms, found 2 plugins.
Preloading 0 native plugins for Editor in 0.00 ms.
Unloading 1723 Unused Serialized files (Serialized files now loaded: 0)
System memory in use before: 88.3 MB.
System memory in use after: 88.3 MB.

Unloading 22 unused Assets to reduce memory usage. Loaded Objects now: 2167.
Total: 4.655634 ms (FindLiveObjects: 0.544804 ms CreateObjectMapping: 0.171481 ms MarkObjects: 3.812771 ms  DeleteObjects: 0.123586 ms)

========================================================================
Received Import Request.
  path: Assets/prefabs/lev1 Variant.prefab
  artifactKey: Guid(0ea60b02cd408114597a96197d0814bd) Importer(815301076,1909f56bfc062723c751e8b465ee728b)
Start importing Assets/prefabs/lev1 Variant.prefab using Guid(0ea60b02cd408114597a96197d0814bd) Importer(815301076,1909f56bfc062723c751e8b465ee728b)  -> (artifact id: 'a55cf0c467cef7830edfc99091838600') in 4.800274 seconds
  Import took 4.825517 seconds .

========================================================================
Received Import Request.
  Time since last request: 0.000457 seconds.
  path: Assets/prefabs/lev1 Variant.prefab
  artifactKey: Guid(0ea60b02cd408114597a96197d0814bd) Importer(815301076,1909f56bfc062723c751e8b465ee728b)
Start importing Assets/prefabs/lev1 Variant.prefab using Guid(0ea60b02cd408114597a96197d0814bd) Importer(815301076,1909f56bfc062723c751e8b465ee728b)  -> (artifact id: 'a55cf0c467cef7830edfc99091838600') in 0.026815 seconds
  Import took 0.032743 seconds .

========================================================================
Received Import Request.
  Time since last request: 0.000472 seconds.
  path: Assets/prefabs/Plane.prefab
  artifactKey: Guid(5fece49df89bad44a9b5358a7c5cf98b) Importer(815301076,1909f56bfc062723c751e8b465ee728b)
Start importing Assets/prefabs/Plane.prefab using Guid(5fece49df89bad44a9b5358a7c5cf98b) Importer(815301076,1909f56bfc062723c751e8b465ee728b)  -> (artifact id: '0c93781722ca9312599d8dad243d2155') in 0.091950 seconds
  Import took 0.114880 seconds .

========================================================================
Received Import Request.
  Time since last request: 0.000442 seconds.
  path: Assets/prefabs/lev2 1.prefab
  artifactKey: Guid(2fea1e5daff2f7b498d95125fdfbc7e8) Importer(815301076,1909f56bfc062723c751e8b465ee728b)
Start importing Assets/prefabs/lev2 1.prefab using Guid(2fea1e5daff2f7b498d95125fdfbc7e8) Importer(815301076,1909f56bfc062723c751e8b465ee728b)  -> (artifact id: '3fc24329ab30aff464353b7e09476464') in 0.066344 seconds
  Import took 0.073197 seconds .

========================================================================
Received Import Request.
  Time since last request: 2.070995 seconds.
  path: Assets/prefabs/lev2 1.prefab
  artifactKey: Guid(2fea1e5daff2f7b498d95125fdfbc7e8) Importer(815301076,1909f56bfc062723c751e8b465ee728b)
Start importing Assets/prefabs/lev2 1.prefab using Guid(2fea1e5daff2f7b498d95125fdfbc7e8) Importer(815301076,1909f56bfc062723c751e8b465ee728b)  -> (artifact id: 'e768e881efebdea54988f8cc856630d6') in 0.244664 seconds
  Import took 0.250829 seconds .

========================================================================
Received Import Request.
  Time since last request: 4.972901 seconds.
  path: Assets/prefabs/lev2 1.prefab
  artifactKey: Guid(2fea1e5daff2f7b498d95125fdfbc7e8) Importer(815301076,1909f56bfc062723c751e8b465ee728b)
Start importing Assets/prefabs/lev2 1.prefab using Guid(2fea1e5daff2f7b498d95125fdfbc7e8) Importer(815301076,1909f56bfc062723c751e8b465ee728b)  -> (artifact id: '1a2d8e5e8cd8970b5845603564300791') in 0.068362 seconds
  Import took 0.113674 seconds .

========================================================================
Received Import Request.
  Time since last request: 5.468571 seconds.
  path: Assets/prefabs/lev2 1.prefab
  artifactKey: Guid(2fea1e5daff2f7b498d95125fdfbc7e8) Importer(815301076,1909f56bfc062723c751e8b465ee728b)
Start importing Assets/prefabs/lev2 1.prefab using Guid(2fea1e5daff2f7b498d95125fdfbc7e8) Importer(815301076,1909f56bfc062723c751e8b465ee728b)  -> (artifact id: '831d406d4d9ad51a30796fa66a27c424') in 0.025165 seconds
  Import took 0.047522 seconds .

========================================================================
Received Import Request.
  Time since last request: 6.831587 seconds.
  path: Assets/prefabs/lev2 1.prefab
  artifactKey: Guid(2fea1e5daff2f7b498d95125fdfbc7e8) Importer(815301076,1909f56bfc062723c751e8b465ee728b)
Start importing Assets/prefabs/lev2 1.prefab using Guid(2fea1e5daff2f7b498d95125fdfbc7e8) Importer(815301076,1909f56bfc062723c751e8b465ee728b)  -> (artifact id: '6c23a88b6a6ca103cc3115ef8741e58f') in 0.169662 seconds
  Import took 0.187802 seconds .

========================================================================
Received Import Request.
  Time since last request: 2.596759 seconds.
  path: Assets/prefabs/lev2 1.prefab
  artifactKey: Guid(2fea1e5daff2f7b498d95125fdfbc7e8) Importer(815301076,1909f56bfc062723c751e8b465ee728b)
Start importing Assets/prefabs/lev2 1.prefab using Guid(2fea1e5daff2f7b498d95125fdfbc7e8) Importer(815301076,1909f56bfc062723c751e8b465ee728b)  -> (artifact id: '5d8d827a9bd677f9d14ab47a57a5801d') in 0.093957 seconds
  Import took 0.104140 seconds .

========================================================================
Received Import Request.
  Time since last request: 2.631069 seconds.
  path: Assets/prefabs/lev2 1.prefab
  artifactKey: Guid(2fea1e5daff2f7b498d95125fdfbc7e8) Importer(815301076,1909f56bfc062723c751e8b465ee728b)
Start importing Assets/prefabs/lev2 1.prefab using Guid(2fea1e5daff2f7b498d95125fdfbc7e8) Importer(815301076,1909f56bfc062723c751e8b465ee728b)  -> (artifact id: '3e02fd9dd80b64e58a05cdc3cd532ce1') in 0.039926 seconds
  Import took 0.045134 seconds .

========================================================================
Received Import Request.
  Time since last request: 9.221694 seconds.
  path: Assets/prefabs/lev2 1.prefab
  artifactKey: Guid(2fea1e5daff2f7b498d95125fdfbc7e8) Importer(815301076,1909f56bfc062723c751e8b465ee728b)
Start importing Assets/prefabs/lev2 1.prefab using Guid(2fea1e5daff2f7b498d95125fdfbc7e8) Importer(815301076,1909f56bfc062723c751e8b465ee728b)  -> (artifact id: 'e32d63dd4599d77c9bb0779ec8689192') in 0.038188 seconds
  Import took 0.043651 seconds .

========================================================================
Received Import Request.
  Time since last request: 5.065314 seconds.
  path: Assets/prefabs/lev2 1.prefab
  artifactKey: Guid(2fea1e5daff2f7b498d95125fdfbc7e8) Importer(815301076,1909f56bfc062723c751e8b465ee728b)
Start importing Assets/prefabs/lev2 1.prefab using Guid(2fea1e5daff2f7b498d95125fdfbc7e8) Importer(815301076,1909f56bfc062723c751e8b465ee728b)  -> (artifact id: '5167eef7702a1b6c97e53b626bbde680') in 0.070708 seconds
  Import took 0.075930 seconds .

========================================================================
Received Import Request.
  Time since last request: 1.367786 seconds.
  path: Assets/prefabs/lev2 1.prefab
  artifactKey: Guid(2fea1e5daff2f7b498d95125fdfbc7e8) Importer(815301076,1909f56bfc062723c751e8b465ee728b)
Start importing Assets/prefabs/lev2 1.prefab using Guid(2fea1e5daff2f7b498d95125fdfbc7e8) Importer(815301076,1909f56bfc062723c751e8b465ee728b)  -> (artifact id: '26ffb8ba84e4e4953bacf25ca1abc91f') in 0.051314 seconds
  Import took 0.102397 seconds .

========================================================================
Received Import Request.
  Time since last request: 2.752922 seconds.
  path: Assets/prefabs/lev2 1.prefab
  artifactKey: Guid(2fea1e5daff2f7b498d95125fdfbc7e8) Importer(815301076,1909f56bfc062723c751e8b465ee728b)
Start importing Assets/prefabs/lev2 1.prefab using Guid(2fea1e5daff2f7b498d95125fdfbc7e8) Importer(815301076,1909f56bfc062723c751e8b465ee728b)  -> (artifact id: '1dae19e8fe7d0cfe462c8c2717db52c7') in 0.037109 seconds
  Import took 0.042696 seconds .

========================================================================
Received Import Request.
  Time since last request: 2.300791 seconds.
  path: Assets/prefabs/lev2 1.prefab
  artifactKey: Guid(2fea1e5daff2f7b498d95125fdfbc7e8) Importer(815301076,1909f56bfc062723c751e8b465ee728b)
Start importing Assets/prefabs/lev2 1.prefab using Guid(2fea1e5daff2f7b498d95125fdfbc7e8) Importer(815301076,1909f56bfc062723c751e8b465ee728b)  -> (artifact id: '676e9e158216baf050739d9328e37a28') in 0.023160 seconds
  Import took 0.037451 seconds .

========================================================================
Received Import Request.
  Time since last request: 3.160540 seconds.
  path: Assets/prefabs/lev2 1.prefab
  artifactKey: Guid(2fea1e5daff2f7b498d95125fdfbc7e8) Importer(815301076,1909f56bfc062723c751e8b465ee728b)
Start importing Assets/prefabs/lev2 1.prefab using Guid(2fea1e5daff2f7b498d95125fdfbc7e8) Importer(815301076,1909f56bfc062723c751e8b465ee728b)  -> (artifact id: '55a0e597cc006e710a4389c6ce1b92be') in 0.059909 seconds
  Import took 0.093745 seconds .

========================================================================
Received Import Request.
  Time since last request: 10.134219 seconds.
  path: Assets/prefabs/lev2 1.prefab
  artifactKey: Guid(2fea1e5daff2f7b498d95125fdfbc7e8) Importer(815301076,1909f56bfc062723c751e8b465ee728b)
Start importing Assets/prefabs/lev2 1.prefab using Guid(2fea1e5daff2f7b498d95125fdfbc7e8) Importer(815301076,1909f56bfc062723c751e8b465ee728b)  -> (artifact id: '0b1258f7a9a910cbbcf3ef5299a18dc9') in 0.149993 seconds
  Import took 0.168716 seconds .

========================================================================
Received Import Request.
  Time since last request: 2.566223 seconds.
  path: Assets/prefabs/lev2 1.prefab
  artifactKey: Guid(2fea1e5daff2f7b498d95125fdfbc7e8) Importer(815301076,1909f56bfc062723c751e8b465ee728b)
Start importing Assets/prefabs/lev2 1.prefab using Guid(2fea1e5daff2f7b498d95125fdfbc7e8) Importer(815301076,1909f56bfc062723c751e8b465ee728b)  -> (artifact id: '330a0a0ffaa9b04431af83e165286eea') in 0.282440 seconds
  Import took 0.311529 seconds .

========================================================================
Received Import Request.
  Time since last request: 10.601036 seconds.
  path: Assets/prefabs/lev2 1.prefab
  artifactKey: Guid(2fea1e5daff2f7b498d95125fdfbc7e8) Importer(815301076,1909f56bfc062723c751e8b465ee728b)
Start importing Assets/prefabs/lev2 1.prefab using Guid(2fea1e5daff2f7b498d95125fdfbc7e8) Importer(815301076,1909f56bfc062723c751e8b465ee728b)  -> (artifact id: '87f8b914a2407f7b6e9eb79586780a96') in 0.036762 seconds
  Import took 0.071810 seconds .

========================================================================
Received Import Request.
  Time since last request: 17.770896 seconds.
  path: Assets/prefabs/lev2 1.prefab
  artifactKey: Guid(2fea1e5daff2f7b498d95125fdfbc7e8) Importer(815301076,1909f56bfc062723c751e8b465ee728b)
Start importing Assets/prefabs/lev2 1.prefab using Guid(2fea1e5daff2f7b498d95125fdfbc7e8) Importer(815301076,1909f56bfc062723c751e8b465ee728b)  -> (artifact id: '78dd61ba9ed17eefd9baa92f0f8e9f29') in 0.094649 seconds
  Import took 0.137731 seconds .

========================================================================
Received Import Request.
  Time since last request: 8.945664 seconds.
  path: Assets/prefabs/lev2 1.prefab
  artifactKey: Guid(2fea1e5daff2f7b498d95125fdfbc7e8) Importer(815301076,1909f56bfc062723c751e8b465ee728b)
Start importing Assets/prefabs/lev2 1.prefab using Guid(2fea1e5daff2f7b498d95125fdfbc7e8) Importer(815301076,1909f56bfc062723c751e8b465ee728b)  -> (artifact id: '6b3cbced98f3f1de695e31381fd5cd94') in 0.123579 seconds
  Import took 0.131319 seconds .

========================================================================
Received Import Request.
  Time since last request: 4.408932 seconds.
  path: Assets/prefabs/lev2 1.prefab
  artifactKey: Guid(2fea1e5daff2f7b498d95125fdfbc7e8) Importer(815301076,1909f56bfc062723c751e8b465ee728b)
Start importing Assets/prefabs/lev2 1.prefab using Guid(2fea1e5daff2f7b498d95125fdfbc7e8) Importer(815301076,1909f56bfc062723c751e8b465ee728b)  -> (artifact id: 'ae87a0afddfca2a6f055b1c77ad9fa1e') in 0.083480 seconds
  Import took 0.088810 seconds .

========================================================================
Received Import Request.
  Time since last request: 7.441056 seconds.
  path: Assets/prefabs/lev2 1.prefab
  artifactKey: Guid(2fea1e5daff2f7b498d95125fdfbc7e8) Importer(815301076,1909f56bfc062723c751e8b465ee728b)
Start importing Assets/prefabs/lev2 1.prefab using Guid(2fea1e5daff2f7b498d95125fdfbc7e8) Importer(815301076,1909f56bfc062723c751e8b465ee728b)  -> (artifact id: 'e194e203b3daefe90abbec05dbea2cc0') in 0.063166 seconds
  Import took 0.068726 seconds .

========================================================================
Received Import Request.
  Time since last request: 6.942137 seconds.
  path: Assets/prefabs/lev2 1.prefab
  artifactKey: Guid(2fea1e5daff2f7b498d95125fdfbc7e8) Importer(815301076,1909f56bfc062723c751e8b465ee728b)
Start importing Assets/prefabs/lev2 1.prefab using Guid(2fea1e5daff2f7b498d95125fdfbc7e8) Importer(815301076,1909f56bfc062723c751e8b465ee728b)  -> (artifact id: '03c391e01da3dcfc151e06c13a8e12bf') in 0.094878 seconds
  Import took 0.099847 seconds .

========================================================================
Received Import Request.
  Time since last request: 3.301084 seconds.
  path: Assets/prefabs/lev2 1.prefab
  artifactKey: Guid(2fea1e5daff2f7b498d95125fdfbc7e8) Importer(815301076,1909f56bfc062723c751e8b465ee728b)
Start importing Assets/prefabs/lev2 1.prefab using Guid(2fea1e5daff2f7b498d95125fdfbc7e8) Importer(815301076,1909f56bfc062723c751e8b465ee728b)  -> (artifact id: '9243a3d40246678ff123b26ad8319dea') in 0.197410 seconds
  Import took 0.268844 seconds .

========================================================================
Received Import Request.
  Time since last request: 2.371779 seconds.
  path: Assets/prefabs/lev2 1.prefab
  artifactKey: Guid(2fea1e5daff2f7b498d95125fdfbc7e8) Importer(815301076,1909f56bfc062723c751e8b465ee728b)
Start importing Assets/prefabs/lev2 1.prefab using Guid(2fea1e5daff2f7b498d95125fdfbc7e8) Importer(815301076,1909f56bfc062723c751e8b465ee728b)  -> (artifact id: '8c8da6db07ad7354114891211fd60864') in 0.108936 seconds
  Import took 0.139679 seconds .

========================================================================
Received Import Request.
  Time since last request: 12.570097 seconds.
  path: Assets/prefabs/lev2 1.prefab
  artifactKey: Guid(2fea1e5daff2f7b498d95125fdfbc7e8) Importer(815301076,1909f56bfc062723c751e8b465ee728b)
Start importing Assets/prefabs/lev2 1.prefab using Guid(2fea1e5daff2f7b498d95125fdfbc7e8) Importer(815301076,1909f56bfc062723c751e8b465ee728b)  -> (artifact id: 'b25d6bce26487a34062c8d37d447713f') in 0.046456 seconds
  Import took 0.052429 seconds .

========================================================================
Received Import Request.
  Time since last request: 5.614439 seconds.
  path: Assets/prefabs/lev2 1.prefab
  artifactKey: Guid(2fea1e5daff2f7b498d95125fdfbc7e8) Importer(815301076,1909f56bfc062723c751e8b465ee728b)
Start importing Assets/prefabs/lev2 1.prefab using Guid(2fea1e5daff2f7b498d95125fdfbc7e8) Importer(815301076,1909f56bfc062723c751e8b465ee728b)  -> (artifact id: '5be1f339b06d7f226df0c37ac29494b2') in 0.055034 seconds
  Import took 0.074055 seconds .

========================================================================
Received Import Request.
  Time since last request: 2.229916 seconds.
  path: Assets/prefabs/lev2 1.prefab
  artifactKey: Guid(2fea1e5daff2f7b498d95125fdfbc7e8) Importer(815301076,1909f56bfc062723c751e8b465ee728b)
Start importing Assets/prefabs/lev2 1.prefab using Guid(2fea1e5daff2f7b498d95125fdfbc7e8) Importer(815301076,1909f56bfc062723c751e8b465ee728b)  -> (artifact id: 'c78f1a56853d69029bd7ee05744b13a7') in 0.052746 seconds
  Import took 0.087821 seconds .

========================================================================
Received Import Request.
  Time since last request: 7.478237 seconds.
  path: Assets/prefabs/lev2 1.prefab
  artifactKey: Guid(2fea1e5daff2f7b498d95125fdfbc7e8) Importer(815301076,1909f56bfc062723c751e8b465ee728b)
Start importing Assets/prefabs/lev2 1.prefab using Guid(2fea1e5daff2f7b498d95125fdfbc7e8) Importer(815301076,1909f56bfc062723c751e8b465ee728b)  -> (artifact id: '7abed66e3a4afb28871a1d9708c0723d') in 0.066244 seconds
  Import took 0.085443 seconds .

========================================================================
Received Import Request.
  Time since last request: 2.873676 seconds.
  path: Assets/prefabs/lev2 1.prefab
  artifactKey: Guid(2fea1e5daff2f7b498d95125fdfbc7e8) Importer(815301076,1909f56bfc062723c751e8b465ee728b)
Start importing Assets/prefabs/lev2 1.prefab using Guid(2fea1e5daff2f7b498d95125fdfbc7e8) Importer(815301076,1909f56bfc062723c751e8b465ee728b)  -> (artifact id: 'd90ef102e188d89364e4f80a24d64f65') in 0.109292 seconds
  Import took 0.149037 seconds .

========================================================================
Received Import Request.
  Time since last request: 3.461884 seconds.
  path: Assets/prefabs/lev2 1.prefab
  artifactKey: Guid(2fea1e5daff2f7b498d95125fdfbc7e8) Importer(815301076,1909f56bfc062723c751e8b465ee728b)
Start importing Assets/prefabs/lev2 1.prefab using Guid(2fea1e5daff2f7b498d95125fdfbc7e8) Importer(815301076,1909f56bfc062723c751e8b465ee728b)  -> (artifact id: 'b3173648cedfc2ace74cd14edc4bdc17') in 0.107579 seconds
  Import took 0.116017 seconds .

========================================================================
Received Import Request.
  Time since last request: 7.186733 seconds.
  path: Assets/prefabs/lev2 1.prefab
  artifactKey: Guid(2fea1e5daff2f7b498d95125fdfbc7e8) Importer(815301076,1909f56bfc062723c751e8b465ee728b)
Start importing Assets/prefabs/lev2 1.prefab using Guid(2fea1e5daff2f7b498d95125fdfbc7e8) Importer(815301076,1909f56bfc062723c751e8b465ee728b)  -> (artifact id: '548f9bea62a628ec7f43b0a0129a59e3') in 0.047718 seconds
  Import took 0.053234 seconds .

========================================================================
Received Import Request.
  Time since last request: 7.690745 seconds.
  path: Assets/prefabs/lev2 1.prefab
  artifactKey: Guid(2fea1e5daff2f7b498d95125fdfbc7e8) Importer(815301076,1909f56bfc062723c751e8b465ee728b)
Start importing Assets/prefabs/lev2 1.prefab using Guid(2fea1e5daff2f7b498d95125fdfbc7e8) Importer(815301076,1909f56bfc062723c751e8b465ee728b)  -> (artifact id: '8231dc3ea4aef23fc3198d3d8a527252') in 0.273533 seconds
  Import took 0.297436 seconds .

========================================================================
Received Import Request.
  Time since last request: 6.243370 seconds.
  path: Assets/prefabs/lev2 1.prefab
  artifactKey: Guid(2fea1e5daff2f7b498d95125fdfbc7e8) Importer(815301076,1909f56bfc062723c751e8b465ee728b)
Start importing Assets/prefabs/lev2 1.prefab using Guid(2fea1e5daff2f7b498d95125fdfbc7e8) Importer(815301076,1909f56bfc062723c751e8b465ee728b)  -> (artifact id: 'e7aad34e024b79f4d6ef16828426214a') in 0.070800 seconds
  Import took 0.075595 seconds .

========================================================================
Received Import Request.
  Time since last request: 4.457891 seconds.
  path: Assets/prefabs/lev2 1.prefab
  artifactKey: Guid(2fea1e5daff2f7b498d95125fdfbc7e8) Importer(815301076,1909f56bfc062723c751e8b465ee728b)
Start importing Assets/prefabs/lev2 1.prefab using Guid(2fea1e5daff2f7b498d95125fdfbc7e8) Importer(815301076,1909f56bfc062723c751e8b465ee728b)  -> (artifact id: 'e8155f26ff909781f7b306aa0f8a5fed') in 0.051511 seconds
  Import took 0.056155 seconds .

========================================================================
Received Import Request.
  Time since last request: 11.504857 seconds.
  path: Assets/prefabs/lev2 1.prefab
  artifactKey: Guid(2fea1e5daff2f7b498d95125fdfbc7e8) Importer(815301076,1909f56bfc062723c751e8b465ee728b)
Start importing Assets/prefabs/lev2 1.prefab using Guid(2fea1e5daff2f7b498d95125fdfbc7e8) Importer(815301076,1909f56bfc062723c751e8b465ee728b)  -> (artifact id: '5b9732a8be7811798d600075e33111ce') in 0.054990 seconds
  Import took 0.059712 seconds .

========================================================================
Received Import Request.
  Time since last request: 6.963151 seconds.
  path: Assets/prefabs/lev2 1.prefab
  artifactKey: Guid(2fea1e5daff2f7b498d95125fdfbc7e8) Importer(815301076,1909f56bfc062723c751e8b465ee728b)
Start importing Assets/prefabs/lev2 1.prefab using Guid(2fea1e5daff2f7b498d95125fdfbc7e8) Importer(815301076,1909f56bfc062723c751e8b465ee728b)  -> (artifact id: '6f900a531315c3f64480636aa3192797') in 0.027751 seconds
  Import took 0.077156 seconds .

========================================================================
Received Import Request.
  Time since last request: 1.891846 seconds.
  path: Assets/prefabs/lev2 1.prefab
  artifactKey: Guid(2fea1e5daff2f7b498d95125fdfbc7e8) Importer(815301076,1909f56bfc062723c751e8b465ee728b)
Start importing Assets/prefabs/lev2 1.prefab using Guid(2fea1e5daff2f7b498d95125fdfbc7e8) Importer(815301076,1909f56bfc062723c751e8b465ee728b)  -> (artifact id: 'b787175b0dacd3c8ba007f9ffc34829c') in 0.052979 seconds
  Import took 0.080204 seconds .

========================================================================
Received Import Request.
  Time since last request: 9.370357 seconds.
  path: Assets/prefabs/lev2 1.prefab
  artifactKey: Guid(2fea1e5daff2f7b498d95125fdfbc7e8) Importer(815301076,1909f56bfc062723c751e8b465ee728b)
Start importing Assets/prefabs/lev2 1.prefab using Guid(2fea1e5daff2f7b498d95125fdfbc7e8) Importer(815301076,1909f56bfc062723c751e8b465ee728b)  -> (artifact id: 'bcbe04301691b53dec3c514e77a0f605') in 0.083490 seconds
  Import took 0.098643 seconds .

========================================================================
Received Import Request.
  Time since last request: 3.844707 seconds.
  path: Assets/prefabs/lev2 1.prefab
  artifactKey: Guid(2fea1e5daff2f7b498d95125fdfbc7e8) Importer(815301076,1909f56bfc062723c751e8b465ee728b)
Start importing Assets/prefabs/lev2 1.prefab using Guid(2fea1e5daff2f7b498d95125fdfbc7e8) Importer(815301076,1909f56bfc062723c751e8b465ee728b)  -> (artifact id: '02f72ef183f53f936bfe63ed8046f89b') in 0.048154 seconds
  Import took 0.052928 seconds .

========================================================================
Received Import Request.
  Time since last request: 16.495602 seconds.
  path: Assets/prefabs/lev2 1.prefab
  artifactKey: Guid(2fea1e5daff2f7b498d95125fdfbc7e8) Importer(815301076,1909f56bfc062723c751e8b465ee728b)
Start importing Assets/prefabs/lev2 1.prefab using Guid(2fea1e5daff2f7b498d95125fdfbc7e8) Importer(815301076,1909f56bfc062723c751e8b465ee728b)  -> (artifact id: '6b5de29771f2e1c18c86e946f2b6eb31') in 0.076805 seconds
  Import took 0.081966 seconds .

========================================================================
Received Import Request.
  Time since last request: 5.844408 seconds.
  path: Assets/prefabs/lev2 1.prefab
  artifactKey: Guid(2fea1e5daff2f7b498d95125fdfbc7e8) Importer(815301076,1909f56bfc062723c751e8b465ee728b)
Start importing Assets/prefabs/lev2 1.prefab using Guid(2fea1e5daff2f7b498d95125fdfbc7e8) Importer(815301076,1909f56bfc062723c751e8b465ee728b)  -> (artifact id: '1053d93afc64414b3a9fedde55b0162d') in 0.041626 seconds
  Import took 0.070069 seconds .

========================================================================
Received Import Request.
  Time since last request: 3.744086 seconds.
  path: Assets/prefabs/lev2 1.prefab
  artifactKey: Guid(2fea1e5daff2f7b498d95125fdfbc7e8) Importer(815301076,1909f56bfc062723c751e8b465ee728b)
Start importing Assets/prefabs/lev2 1.prefab using Guid(2fea1e5daff2f7b498d95125fdfbc7e8) Importer(815301076,1909f56bfc062723c751e8b465ee728b)  -> (artifact id: '67ee4868d47a393d27fedba6e8e2e598') in 0.047135 seconds
  Import took 0.062616 seconds .

========================================================================
Received Import Request.
  Time since last request: 2.208062 seconds.
  path: Assets/prefabs/lev2 1.prefab
  artifactKey: Guid(2fea1e5daff2f7b498d95125fdfbc7e8) Importer(815301076,1909f56bfc062723c751e8b465ee728b)
Start importing Assets/prefabs/lev2 1.prefab using Guid(2fea1e5daff2f7b498d95125fdfbc7e8) Importer(815301076,1909f56bfc062723c751e8b465ee728b)  -> (artifact id: '23ee9d4cf19f637b3140a686c12dc1ab') in 0.119005 seconds
  Import took 0.124554 seconds .

========================================================================
Received Import Request.
  Time since last request: 8.259827 seconds.
  path: Assets/prefabs/lev2 1.prefab
  artifactKey: Guid(2fea1e5daff2f7b498d95125fdfbc7e8) Importer(815301076,1909f56bfc062723c751e8b465ee728b)
Start importing Assets/prefabs/lev2 1.prefab using Guid(2fea1e5daff2f7b498d95125fdfbc7e8) Importer(815301076,1909f56bfc062723c751e8b465ee728b)  -> (artifact id: '9b556606f3d6f5618c7812ec3db59894') in 0.104303 seconds
  Import took 0.128500 seconds .

========================================================================
Received Import Request.
  Time since last request: 3.574253 seconds.
  path: Assets/prefabs/lev2 1.prefab
  artifactKey: Guid(2fea1e5daff2f7b498d95125fdfbc7e8) Importer(815301076,1909f56bfc062723c751e8b465ee728b)
Start importing Assets/prefabs/lev2 1.prefab using Guid(2fea1e5daff2f7b498d95125fdfbc7e8) Importer(815301076,1909f56bfc062723c751e8b465ee728b)  -> (artifact id: '61c0040a1ff00bcc63a728f4a1ee6123') in 0.074271 seconds
  Import took 0.079355 seconds .

========================================================================
Received Import Request.
  Time since last request: 2.573527 seconds.
  path: Assets/prefabs/lev2 1.prefab
  artifactKey: Guid(2fea1e5daff2f7b498d95125fdfbc7e8) Importer(815301076,1909f56bfc062723c751e8b465ee728b)
Start importing Assets/prefabs/lev2 1.prefab using Guid(2fea1e5daff2f7b498d95125fdfbc7e8) Importer(815301076,1909f56bfc062723c751e8b465ee728b)  -> (artifact id: '4449c342856fc45e90483089d851ea05') in 0.121763 seconds
  Import took 0.126930 seconds .

========================================================================
Received Import Request.
  Time since last request: 7.637059 seconds.
  path: Assets/prefabs/lev2 1.prefab
  artifactKey: Guid(2fea1e5daff2f7b498d95125fdfbc7e8) Importer(815301076,1909f56bfc062723c751e8b465ee728b)
Start importing Assets/prefabs/lev2 1.prefab using Guid(2fea1e5daff2f7b498d95125fdfbc7e8) Importer(815301076,1909f56bfc062723c751e8b465ee728b)  -> (artifact id: '1c5fb7c4f28d4458e977ad66bc04e593') in 0.095224 seconds
  Import took 0.110037 seconds .

========================================================================
Received Import Request.
  Time since last request: 4.357602 seconds.
  path: Assets/prefabs/lev2 1.prefab
  artifactKey: Guid(2fea1e5daff2f7b498d95125fdfbc7e8) Importer(815301076,1909f56bfc062723c751e8b465ee728b)
Start importing Assets/prefabs/lev2 1.prefab using Guid(2fea1e5daff2f7b498d95125fdfbc7e8) Importer(815301076,1909f56bfc062723c751e8b465ee728b)  -> (artifact id: 'ae9c85ed193200821109e8349e3d277e') in 0.073348 seconds
  Import took 0.079458 seconds .

========================================================================
Received Prepare
Registering precompiled user dll's ...
Registered in 0.063215 seconds.
Begin MonoManager ReloadAssembly
Native extension for WindowsStandalone target not found
Native extension for WebGL target not found
Refreshing native plugins compatible for Editor in 0.76 ms, found 2 plugins.
Preloading 0 native plugins for Editor in 0.00 ms.
Mono: successfully reloaded assembly
- Completed reload, in  1.582 seconds
Platform modules already initialized, skipping
Refreshing native plugins compatible for Editor in 0.98 ms, found 2 plugins.
Preloading 0 native plugins for Editor in 0.00 ms.
Unloading 1689 Unused Serialized files (Serialized files now loaded: 0)
System memory in use before: 88.6 MB.
System memory in use after: 88.7 MB.

Unloading 18 unused Assets to reduce memory usage. Loaded Objects now: 2179.
Total: 3.901718 ms (FindLiveObjects: 0.347665 ms CreateObjectMapping: 0.115033 ms MarkObjects: 3.385138 ms  DeleteObjects: 0.051316 ms)

========================================================================
Received Prepare
Registering precompiled user dll's ...
Registered in 0.007698 seconds.
Begin MonoManager ReloadAssembly
Native extension for WindowsStandalone target not found
Native extension for WebGL target not found
Refreshing native plugins compatible for Editor in 0.90 ms, found 2 plugins.
Preloading 0 native plugins for Editor in 0.00 ms.
Mono: successfully reloaded assembly
- Completed reload, in  2.171 seconds
Platform modules already initialized, skipping
Refreshing native plugins compatible for Editor in 0.95 ms, found 2 plugins.
Preloading 0 native plugins for Editor in 0.00 ms.
Unloading 1689 Unused Serialized files (Serialized files now loaded: 0)
System memory in use before: 88.6 MB.
System memory in use after: 88.8 MB.

Unloading 17 unused Assets to reduce memory usage. Loaded Objects now: 2182.
Total: 13.985290 ms (FindLiveObjects: 1.069081 ms CreateObjectMapping: 0.267270 ms MarkObjects: 12.545024 ms  DeleteObjects: 0.044474 ms)

========================================================================
Received Prepare
Registering precompiled user dll's ...
Registered in 0.005542 seconds.
Begin MonoManager ReloadAssembly
Native extension for WindowsStandalone target not found
Native extension for WebGL target not found
Refreshing native plugins compatible for Editor in 0.70 ms, found 2 plugins.
Preloading 0 native plugins for Editor in 0.00 ms.
Mono: successfully reloaded assembly
- Completed reload, in  1.562 seconds
Platform modules already initialized, skipping
Refreshing native plugins compatible for Editor in 0.88 ms, found 2 plugins.
Preloading 0 native plugins for Editor in 0.00 ms.
Unloading 1689 Unused Serialized files (Serialized files now loaded: 0)
System memory in use before: 88.7 MB.
System memory in use after: 88.8 MB.

Unloading 17 unused Assets to reduce memory usage. Loaded Objects now: 2185.
Total: 5.361655 ms (FindLiveObjects: 0.358784 ms CreateObjectMapping: 0.144967 ms MarkObjects: 4.813003 ms  DeleteObjects: 0.041908 ms)

========================================================================
Received Prepare
Registering precompiled user dll's ...
Registered in 0.007914 seconds.
Begin MonoManager ReloadAssembly
Native extension for WindowsStandalone target not found
Native extension for WebGL target not found
Refreshing native plugins compatible for Editor in 1.14 ms, found 2 plugins.
Preloading 0 native plugins for Editor in 0.00 ms.
Mono: successfully reloaded assembly
- Completed reload, in  2.068 seconds
Platform modules already initialized, skipping
Refreshing native plugins compatible for Editor in 1.04 ms, found 2 plugins.
Preloading 0 native plugins for Editor in 0.00 ms.
Unloading 1689 Unused Serialized files (Serialized files now loaded: 0)
System memory in use before: 88.7 MB.
System memory in use after: 88.8 MB.

Unloading 17 unused Assets to reduce memory usage. Loaded Objects now: 2188.
Total: 6.946888 ms (FindLiveObjects: 1.603194 ms CreateObjectMapping: 0.819344 ms MarkObjects: 4.483726 ms  DeleteObjects: 0.038059 ms)

========================================================================
Received Prepare
Registering precompiled user dll's ...
Registered in 0.008986 seconds.
Begin MonoManager ReloadAssembly
Native extension for WindowsStandalone target not found
Native extension for WebGL target not found
Refreshing native plugins compatible for Editor in 0.69 ms, found 2 plugins.
Preloading 0 native plugins for Editor in 0.00 ms.
Mono: successfully reloaded assembly
- Completed reload, in  1.665 seconds
Platform modules already initialized, skipping
Refreshing native plugins compatible for Editor in 0.93 ms, found 2 plugins.
Preloading 0 native plugins for Editor in 0.00 ms.
Unloading 1689 Unused Serialized files (Serialized files now loaded: 0)
System memory in use before: 88.7 MB.
System memory in use after: 88.8 MB.

Unloading 17 unused Assets to reduce memory usage. Loaded Objects now: 2191.
Total: 4.412739 ms (FindLiveObjects: 0.242895 ms CreateObjectMapping: 0.091086 ms MarkObjects: 4.030863 ms  DeleteObjects: 0.044474 ms)

========================================================================
Received Prepare
Registering precompiled user dll's ...
Registered in 0.005607 seconds.
Begin MonoManager ReloadAssembly
Native extension for WindowsStandalone target not found
Native extension for WebGL target not found
Refreshing native plugins compatible for Editor in 0.81 ms, found 2 plugins.
Preloading 0 native plugins for Editor in 0.00 ms.
Mono: successfully reloaded assembly
- Completed reload, in  1.516 seconds
Platform modules already initialized, skipping
Refreshing native plugins compatible for Editor in 0.93 ms, found 2 plugins.
Preloading 0 native plugins for Editor in 0.00 ms.
Unloading 1689 Unused Serialized files (Serialized files now loaded: 0)
System memory in use before: 88.7 MB.
System memory in use after: 88.8 MB.

Unloading 17 unused Assets to reduce memory usage. Loaded Objects now: 2194.
Total: 3.669514 ms (FindLiveObjects: 0.215099 ms CreateObjectMapping: 0.085099 ms MarkObjects: 3.329118 ms  DeleteObjects: 0.038059 ms)

========================================================================
Received Prepare
Registering precompiled user dll's ...
Registered in 0.006251 seconds.
Begin MonoManager ReloadAssembly
Native extension for WindowsStandalone target not found
Native extension for WebGL target not found
Refreshing native plugins compatible for Editor in 0.65 ms, found 2 plugins.
Preloading 0 native plugins for Editor in 0.00 ms.
Mono: successfully reloaded assembly
- Completed reload, in  1.549 seconds
Platform modules already initialized, skipping
Refreshing native plugins compatible for Editor in 0.91 ms, found 2 plugins.
Preloading 0 native plugins for Editor in 0.00 ms.
Unloading 1689 Unused Serialized files (Serialized files now loaded: 0)
System memory in use before: 88.7 MB.
System memory in use after: 88.8 MB.

Unloading 17 unused Assets to reduce memory usage. Loaded Objects now: 2197.
Total: 4.030008 ms (FindLiveObjects: 0.212961 ms CreateObjectMapping: 0.085526 ms MarkObjects: 3.690468 ms  DeleteObjects: 0.038487 ms)

========================================================================
Received Prepare
Registering precompiled user dll's ...
Registered in 0.007383 seconds.
Begin MonoManager ReloadAssembly
Native extension for WindowsStandalone target not found
Native extension for WebGL target not found
Refreshing native plugins compatible for Editor in 0.67 ms, found 2 plugins.
Preloading 0 native plugins for Editor in 0.00 ms.
Mono: successfully reloaded assembly
- Completed reload, in  1.560 seconds
Platform modules already initialized, skipping
Refreshing native plugins compatible for Editor in 1.03 ms, found 2 plugins.
Preloading 0 native plugins for Editor in 0.00 ms.
Unloading 1689 Unused Serialized files (Serialized files now loaded: 0)
System memory in use before: 88.7 MB.
System memory in use after: 88.8 MB.

Unloading 17 unused Assets to reduce memory usage. Loaded Objects now: 2200.
Total: 13.419105 ms (FindLiveObjects: 0.504606 ms CreateObjectMapping: 0.340823 ms MarkObjects: 12.489432 ms  DeleteObjects: 0.081678 ms)

========================================================================
Received Prepare
Registering precompiled user dll's ...
Registered in 0.008273 seconds.
Begin MonoManager ReloadAssembly
Native extension for WindowsStandalone target not found
Native extension for WebGL target not found
Refreshing native plugins compatible for Editor in 0.65 ms, found 2 plugins.
Preloading 0 native plugins for Editor in 0.00 ms.
Mono: successfully reloaded assembly
- Completed reload, in  1.562 seconds
Platform modules already initialized, skipping
Refreshing native plugins compatible for Editor in 0.98 ms, found 2 plugins.
Preloading 0 native plugins for Editor in 0.00 ms.
Unloading 1689 Unused Serialized files (Serialized files now loaded: 0)
System memory in use before: 88.7 MB.
System memory in use after: 88.8 MB.

Unloading 17 unused Assets to reduce memory usage. Loaded Objects now: 2203.
Total: 3.952606 ms (FindLiveObjects: 0.395560 ms CreateObjectMapping: 0.135559 ms MarkObjects: 3.373164 ms  DeleteObjects: 0.045329 ms)

========================================================================
Received Prepare
Registering precompiled user dll's ...
Registered in 0.007551 seconds.
Begin MonoManager ReloadAssembly
Native extension for WindowsStandalone target not found
Native extension for WebGL target not found
Refreshing native plugins compatible for Editor in 0.88 ms, found 2 plugins.
Preloading 0 native plugins for Editor in 0.00 ms.
Mono: successfully reloaded assembly
- Completed reload, in  1.651 seconds
Platform modules already initialized, skipping
Refreshing native plugins compatible for Editor in 0.94 ms, found 2 plugins.
Preloading 0 native plugins for Editor in 0.00 ms.
Unloading 1689 Unused Serialized files (Serialized files now loaded: 0)
System memory in use before: 88.7 MB.
System memory in use after: 88.8 MB.

Unloading 17 unused Assets to reduce memory usage. Loaded Objects now: 2206.
Total: 4.008626 ms (FindLiveObjects: 0.357501 ms CreateObjectMapping: 0.112040 ms MarkObjects: 3.499316 ms  DeleteObjects: 0.037204 ms)

========================================================================
Received Prepare
Registering precompiled user dll's ...
Registered in 0.005274 seconds.
Begin MonoManager ReloadAssembly
Native extension for WindowsStandalone target not found
Native extension for WebGL target not found
Refreshing native plugins compatible for Editor in 0.66 ms, found 2 plugins.
Preloading 0 native plugins for Editor in 0.00 ms.
Mono: successfully reloaded assembly
- Completed reload, in  1.845 seconds
Platform modules already initialized, skipping
Refreshing native plugins compatible for Editor in 1.38 ms, found 2 plugins.
Preloading 0 native plugins for Editor in 0.00 ms.
Unloading 1689 Unused Serialized files (Serialized files now loaded: 0)
System memory in use before: 88.7 MB.
System memory in use after: 88.8 MB.

Unloading 17 unused Assets to reduce memory usage. Loaded Objects now: 2209.
Total: 7.361692 ms (FindLiveObjects: 0.380593 ms CreateObjectMapping: 0.123158 ms MarkObjects: 6.810901 ms  DeleteObjects: 0.044474 ms)

========================================================================
Received Prepare
Registering precompiled user dll's ...
Registered in 0.005403 seconds.
Begin MonoManager ReloadAssembly
Native extension for WindowsStandalone target not found
Native extension for WebGL target not found
Refreshing native plugins compatible for Editor in 0.67 ms, found 2 plugins.
Preloading 0 native plugins for Editor in 0.00 ms.
Mono: successfully reloaded assembly
- Completed reload, in  1.768 seconds
Platform modules already initialized, skipping
Refreshing native plugins compatible for Editor in 0.96 ms, found 2 plugins.
Preloading 0 native plugins for Editor in 0.00 ms.
Unloading 1689 Unused Serialized files (Serialized files now loaded: 0)
System memory in use before: 88.7 MB.
System memory in use after: 88.8 MB.

Unloading 17 unused Assets to reduce memory usage. Loaded Objects now: 2212.
Total: 6.929783 ms (FindLiveObjects: 0.375461 ms CreateObjectMapping: 0.113750 ms MarkObjects: 6.392677 ms  DeleteObjects: 0.044901 ms)

========================================================================
Received Prepare
Registering precompiled user dll's ...
Registered in 0.005475 seconds.
Begin MonoManager ReloadAssembly
Native extension for WindowsStandalone target not found
Native extension for WebGL target not found
Refreshing native plugins compatible for Editor in 0.66 ms, found 2 plugins.
Preloading 0 native plugins for Editor in 0.00 ms.
Mono: successfully reloaded assembly
- Completed reload, in  1.555 seconds
Platform modules already initialized, skipping
Refreshing native plugins compatible for Editor in 0.93 ms, found 2 plugins.
Preloading 0 native plugins for Editor in 0.00 ms.
Unloading 1689 Unused Serialized files (Serialized files now loaded: 0)
System memory in use before: 88.7 MB.
System memory in use after: 88.8 MB.

Unloading 17 unused Assets to reduce memory usage. Loaded Objects now: 2215.
Total: 3.399250 ms (FindLiveObjects: 0.241612 ms CreateObjectMapping: 0.090230 ms MarkObjects: 3.035762 ms  DeleteObjects: 0.030362 ms)

========================================================================
Received Prepare
Registering precompiled user dll's ...
Registered in 0.006443 seconds.
Begin MonoManager ReloadAssembly
Native extension for WindowsStandalone target not found
Native extension for WebGL target not found
Refreshing native plugins compatible for Editor in 0.62 ms, found 2 plugins.
Preloading 0 native plugins for Editor in 0.00 ms.
Mono: successfully reloaded assembly
- Completed reload, in  1.529 seconds
Platform modules already initialized, skipping
Refreshing native plugins compatible for Editor in 0.92 ms, found 2 plugins.
Preloading 0 native plugins for Editor in 0.00 ms.
Unloading 1689 Unused Serialized files (Serialized files now loaded: 0)
System memory in use before: 88.7 MB.
System memory in use after: 88.8 MB.

Unloading 17 unused Assets to reduce memory usage. Loaded Objects now: 2218.
Total: 8.083108 ms (FindLiveObjects: 0.356645 ms CreateObjectMapping: 0.121020 ms MarkObjects: 7.505804 ms  DeleteObjects: 0.096645 ms)

========================================================================
Received Prepare
Registering precompiled user dll's ...
Registered in 0.007853 seconds.
Begin MonoManager ReloadAssembly
Native extension for WindowsStandalone target not found
Native extension for WebGL target not found
Refreshing native plugins compatible for Editor in 0.96 ms, found 2 plugins.
Preloading 0 native plugins for Editor in 0.00 ms.
Mono: successfully reloaded assembly
- Completed reload, in  1.807 seconds
Platform modules already initialized, skipping
Refreshing native plugins compatible for Editor in 1.39 ms, found 2 plugins.
Preloading 0 native plugins for Editor in 0.00 ms.
Unloading 1689 Unused Serialized files (Serialized files now loaded: 0)
System memory in use before: 88.7 MB.
System memory in use after: 88.9 MB.

Unloading 17 unused Assets to reduce memory usage. Loaded Objects now: 2221.
Total: 9.019195 ms (FindLiveObjects: 0.803521 ms CreateObjectMapping: 0.251875 ms MarkObjects: 7.920180 ms  DeleteObjects: 0.040197 ms)

========================================================================
Received Prepare
Registering precompiled user dll's ...
Registered in 0.005777 seconds.
Begin MonoManager ReloadAssembly
Native extension for WindowsStandalone target not found
Native extension for WebGL target not found
Refreshing native plugins compatible for Editor in 0.94 ms, found 2 plugins.
Preloading 0 native plugins for Editor in 0.00 ms.
Mono: successfully reloaded assembly
- Completed reload, in  1.953 seconds
Platform modules already initialized, skipping
Refreshing native plugins compatible for Editor in 0.93 ms, found 2 plugins.
Preloading 0 native plugins for Editor in 0.00 ms.
Unloading 1689 Unused Serialized files (Serialized files now loaded: 0)
System memory in use before: 88.7 MB.
System memory in use after: 88.9 MB.

Unloading 17 unused Assets to reduce memory usage. Loaded Objects now: 2224.
Total: 5.392017 ms (FindLiveObjects: 0.652139 ms CreateObjectMapping: 0.617501 ms MarkObjects: 4.044975 ms  DeleteObjects: 0.074408 ms)

========================================================================
Received Prepare
Refreshing native plugins compatible for Editor in 8.23 ms, found 2 plugins.
Preloading 0 native plugins for Editor in 0.00 ms.
Unloading 15 Unused Serialized files (Serialized files now loaded: 0)
System memory in use before: 55.6 MB.
System memory in use after: 55.8 MB.

Unloading 15 unused Assets to reduce memory usage. Loaded Objects now: 2224.
Total: 5.268004 ms (FindLiveObjects: 0.370757 ms CreateObjectMapping: 0.109902 ms MarkObjects: 4.739022 ms  DeleteObjects: 0.045329 ms)

