Using pre-set license
Built from '2020.3/staging' branch; Version is '2020.3.10f1 (297d780c91bc) revision 2719096'; Using compiler version '192528614'; Build Type 'Release'
OS: 'Windows 7  (6.1.0) 64bit' Language: 'ru' Physical Memory: 4077 MB
BatchMode: 1, IsHumanControllingUs: 0, StartBugReporterOnCrash: 0, Is64bit: 1, IsPro: 0

 COMMAND LINE ARGUMENTS:
C:\Program Files\Unity\Hub\Editor\2020.3.10f1\Editor\Unity.exe
-adb2
-batchMode
-noUpm
-name
AssetImportWorker4
-projectPath
C:/Users/user/New Unity Project (2)/New Unity Project
-logFile
Logs/AssetImportWorker4.log
-srvPort
52045
Successfully changed project path to: C:/Users/user/New Unity Project (2)/New Unity Project
C:/Users/user/New Unity Project (2)/New Unity Project
Using Asset Import Pipeline V2.
Refreshing native plugins compatible for Editor in 62.32 ms, found 2 plugins.
Preloading 0 native plugins for Editor in 0.00 ms.
Initialize engine version: 2020.3.10f1 (297d780c91bc)
[Subsystems] Discovering subsystems at path C:/Program Files/Unity/Hub/Editor/2020.3.10f1/Editor/Data/Resources/UnitySubsystems
[Subsystems] Discovering subsystems at path C:/Users/user/New Unity Project (2)/New Unity Project/Assets
GfxDevice: creating device client; threaded=0
d3d11: CreateDXGIFactory2(...) not found, fallbacking to CreateDXGIFactory1(...).
d3d11: QueryInterface(IDXGIFactory5) failed (80004002).
Direct3D:
    Version:  Direct3D 11.0 [level 11.0]
    Renderer: NVIDIA GeForce GT 540M (ID=0xdf4)
    Vendor:   
    VRAM:     993 MB
    Driver:   8.17.12.6901
Could not load symbol clCreateImage : Не найдена указанная процедура.


Could not load symbol clEnqueueFillBuffer : Не найдена указанная процедура.


Could not load symbol clEnqueueFillImage : Не найдена указанная процедура.


Could not load symbol clEnqueueMarkerWithWaitList : Не найдена указанная процедура.


Could not load symbol clGetExtensionFunctionAddressForPlatform : Не найдена указанная процедура.


Could not load symbol clUnloadPlatformCompiler : Не найдена указанная процедура.


Could not load symbol clCreateFromGLTexture : Не найдена указанная процедура.


Initialize mono
Mono path[0] = 'C:/Program Files/Unity/Hub/Editor/2020.3.10f1/Editor/Data/Managed'
Mono path[1] = 'C:/Program Files/Unity/Hub/Editor/2020.3.10f1/Editor/Data/MonoBleedingEdge/lib/mono/unityjit'
Mono config path = 'C:/Program Files/Unity/Hub/Editor/2020.3.10f1/Editor/Data/MonoBleedingEdge/etc'
Using monoOptions --debugger-agent=transport=dt_socket,embedding=1,server=y,suspend=n,address=127.0.0.1:56272
Begin MonoManager ReloadAssembly
Registering precompiled unity dll's ...
Register platform support module: C:/Program Files/Unity/Hub/Editor/2020.3.10f1/Editor/Data/PlaybackEngines/WebGLSupport/UnityEditor.WebGL.Extensions.dll
Register platform support module: C:/Program Files/Unity/Hub/Editor/2020.3.10f1/Editor/Data/PlaybackEngines/WindowsStandaloneSupport/UnityEditor.WindowsStandalone.Extensions.dll
Registered in 0.002243 seconds.
Native extension for WindowsStandalone target not found
Native extension for WebGL target not found
Refreshing native plugins compatible for Editor in 65.41 ms, found 2 plugins.
Preloading 0 native plugins for Editor in 0.00 ms.
Mono: successfully reloaded assembly
- Completed reload, in  1.689 seconds
Platform modules already initialized, skipping
Registering precompiled user dll's ...
Registered in 0.005646 seconds.
Begin MonoManager ReloadAssembly
Native extension for WindowsStandalone target not found
Native extension for WebGL target not found
Refreshing native plugins compatible for Editor in 0.66 ms, found 2 plugins.
Preloading 0 native plugins for Editor in 0.00 ms.
Mono: successfully reloaded assembly
- Completed reload, in  5.163 seconds
Platform modules already initialized, skipping
========================================================================
Worker process is ready to serve import requests
Launched and connected shader compiler UnityShaderCompiler.exe after 1.02 seconds
Refreshing native plugins compatible for Editor in 2.79 ms, found 2 plugins.
Preloading 0 native plugins for Editor in 0.00 ms.
Unloading 1723 Unused Serialized files (Serialized files now loaded: 0)
System memory in use before: 88.2 MB.
System memory in use after: 88.3 MB.

Unloading 22 unused Assets to reduce memory usage. Loaded Objects now: 2167.
Total: 5.997545 ms (FindLiveObjects: 0.501185 ms CreateObjectMapping: 0.203125 ms MarkObjects: 5.175635 ms  DeleteObjects: 0.113323 ms)

========================================================================
Received Import Request.
  path: Assets/prefabs/lev2 1.prefab
  artifactKey: Guid(2fea1e5daff2f7b498d95125fdfbc7e8) Importer(815301076,1909f56bfc062723c751e8b465ee728b)
Start importing Assets/prefabs/lev2 1.prefab using Guid(2fea1e5daff2f7b498d95125fdfbc7e8) Importer(815301076,1909f56bfc062723c751e8b465ee728b)  -> (artifact id: 'dc5165f321ffb1f18e75c27b4d263d3b') in 5.946488 seconds
  Import took 5.956297 seconds .

========================================================================
Received Import Request.
  Time since last request: 403.731195 seconds.
  path: Assets/Materials/texture_jele.blend
  artifactKey: Guid(ae9f45e804a8c2945945dd657339b191) Importer(815301076,1909f56bfc062723c751e8b465ee728b)
Start importing Assets/Materials/texture_jele.blend using Guid(ae9f45e804a8c2945945dd657339b191) Importer(815301076,1909f56bfc062723c751e8b465ee728b)  -> (artifact id: '5cb40b193763a4f62194cdfa98d42461') in 0.006979 seconds
  Import took 0.024310 seconds .

========================================================================
Received Import Request.
  Time since last request: 0.052854 seconds.
  path: Assets/Materials/texture_jele.blend
  artifactKey: Guid(ae9f45e804a8c2945945dd657339b191) Importer(815301076,1909f56bfc062723c751e8b465ee728b)
Start importing Assets/Materials/texture_jele.blend using Guid(ae9f45e804a8c2945945dd657339b191) Importer(815301076,1909f56bfc062723c751e8b465ee728b)  -> (artifact id: '5cb40b193763a4f62194cdfa98d42461') in 0.005279 seconds
  Import took 0.009706 seconds .

========================================================================
Received Import Request.
  Time since last request: 15.054474 seconds.
  path: Assets/Materials/texture_jele.blend
  artifactKey: Guid(ae9f45e804a8c2945945dd657339b191) Importer(815301076,1909f56bfc062723c751e8b465ee728b)
Start importing Assets/Materials/texture_jele.blend using Guid(ae9f45e804a8c2945945dd657339b191) Importer(815301076,1909f56bfc062723c751e8b465ee728b)  -> (artifact id: 'c16ab31dad7ea40866ecd5770581eb74') in 0.023964 seconds
  Import took 0.043484 seconds .

========================================================================
Received Import Request.
  Time since last request: 430.925337 seconds.
  path: Assets/Scripts/NewBehaviourScript.cs
  artifactKey: Guid(6ab0cf4e4bcfb2246a57544ee2acb4b5) Importer(815301076,1909f56bfc062723c751e8b465ee728b)
Start importing Assets/Scripts/NewBehaviourScript.cs using Guid(6ab0cf4e4bcfb2246a57544ee2acb4b5) Importer(815301076,1909f56bfc062723c751e8b465ee728b)  -> (artifact id: 'e85519a99c95f78d45b884ff063d89b2') in 1.764892 seconds
  Import took 1.954227 seconds .

========================================================================
Received Import Request.
  Time since last request: 7.843895 seconds.
  path: Assets/Scripts/NewBehaviourScript.cs
  artifactKey: Guid(6ab0cf4e4bcfb2246a57544ee2acb4b5) Importer(815301076,1909f56bfc062723c751e8b465ee728b)
Start importing Assets/Scripts/NewBehaviourScript.cs using Guid(6ab0cf4e4bcfb2246a57544ee2acb4b5) Importer(815301076,1909f56bfc062723c751e8b465ee728b)  -> (artifact id: 'e85519a99c95f78d45b884ff063d89b2') in 0.012873 seconds
  Import took 0.027179 seconds .

========================================================================
Received Import Request.
  Time since last request: 741.249507 seconds.
  path: Assets/Scripts/NewBehaviourScript.cs
  artifactKey: Guid(6ab0cf4e4bcfb2246a57544ee2acb4b5) Importer(815301076,1909f56bfc062723c751e8b465ee728b)
Start importing Assets/Scripts/NewBehaviourScript.cs using Guid(6ab0cf4e4bcfb2246a57544ee2acb4b5) Importer(815301076,1909f56bfc062723c751e8b465ee728b)  -> (artifact id: '59425fde21e92c43649935e3ccc4615a') in 0.057959 seconds
  Import took 0.077861 seconds .

========================================================================
Received Prepare
Registering precompiled user dll's ...
Registered in 0.679765 seconds.
Begin MonoManager ReloadAssembly
Native extension for WindowsStandalone target not found
Native extension for WebGL target not found
Refreshing native plugins compatible for Editor in 0.72 ms, found 2 plugins.
Preloading 0 native plugins for Editor in 0.00 ms.
Mono: successfully reloaded assembly
- Completed reload, in 32.751 seconds
Platform modules already initialized, skipping
Refreshing native plugins compatible for Editor in 1.54 ms, found 2 plugins.
Preloading 0 native plugins for Editor in 0.00 ms.
Unloading 1689 Unused Serialized files (Serialized files now loaded: 0)
System memory in use before: 88.5 MB.
System memory in use after: 88.6 MB.

Unloading 18 unused Assets to reduce memory usage. Loaded Objects now: 2179.
Total: 74.727053 ms (FindLiveObjects: 0.621350 ms CreateObjectMapping: 0.207402 ms MarkObjects: 73.781985 ms  DeleteObjects: 0.109902 ms)

========================================================================
Received Import Request.
  Time since last request: 324.588052 seconds.
  path: Assets/Scripts/NewBehaviourScript.cs
  artifactKey: Guid(6ab0cf4e4bcfb2246a57544ee2acb4b5) Importer(815301076,1909f56bfc062723c751e8b465ee728b)
Start importing Assets/Scripts/NewBehaviourScript.cs using Guid(6ab0cf4e4bcfb2246a57544ee2acb4b5) Importer(815301076,1909f56bfc062723c751e8b465ee728b)  -> (artifact id: '7cc585d8b60d2dfb09dcd88a8e130079') in 0.074104 seconds
  Import took 0.179320 seconds .

========================================================================
Received Import Request.
  Time since last request: 0.000801 seconds.
  path: ProjectSettings/TagManager.asset
  artifactKey: Guid(00000000000000003000000000000000) Importer(815301076,1909f56bfc062723c751e8b465ee728b)
Start importing ProjectSettings/TagManager.asset using Guid(00000000000000003000000000000000) Importer(815301076,1909f56bfc062723c751e8b465ee728b)  -> (artifact id: '0e7b233879c8fd831086593237101461') in 0.806963 seconds
  Import took 0.933959 seconds .

========================================================================
Received Prepare
Registering precompiled user dll's ...
Registered in 0.067827 seconds.
Begin MonoManager ReloadAssembly
Native extension for WindowsStandalone target not found
Native extension for WebGL target not found
Refreshing native plugins compatible for Editor in 0.72 ms, found 2 plugins.
Preloading 0 native plugins for Editor in 0.00 ms.
Mono: successfully reloaded assembly
- Completed reload, in 10.532 seconds
Platform modules already initialized, skipping
Refreshing native plugins compatible for Editor in 1.65 ms, found 2 plugins.
Preloading 0 native plugins for Editor in 0.00 ms.
Unloading 1689 Unused Serialized files (Serialized files now loaded: 0)
System memory in use before: 88.5 MB.
System memory in use after: 88.6 MB.

Unloading 18 unused Assets to reduce memory usage. Loaded Objects now: 2182.
Total: 4.156587 ms (FindLiveObjects: 0.261283 ms CreateObjectMapping: 0.104342 ms MarkObjects: 3.718691 ms  DeleteObjects: 0.068421 ms)

========================================================================
Received Import Request.
  Time since last request: 350.205754 seconds.
  path: Assets/Scripts/controller.cs
  artifactKey: Guid(29671da6eec8f7f4b87c03dda7efaf45) Importer(815301076,1909f56bfc062723c751e8b465ee728b)
Start importing Assets/Scripts/controller.cs using Guid(29671da6eec8f7f4b87c03dda7efaf45) Importer(815301076,1909f56bfc062723c751e8b465ee728b)  -> (artifact id: '07b13489493b2ea9059a03f568da2a2f') in 0.027657 seconds
  Import took 0.241936 seconds .

========================================================================
Received Prepare
Registering precompiled user dll's ...
Registered in 0.170379 seconds.
Begin MonoManager ReloadAssembly
Native extension for WindowsStandalone target not found
Native extension for WebGL target not found
Refreshing native plugins compatible for Editor in 0.77 ms, found 2 plugins.
Preloading 0 native plugins for Editor in 0.00 ms.
Mono: successfully reloaded assembly
- Completed reload, in  1.613 seconds
Platform modules already initialized, skipping
Refreshing native plugins compatible for Editor in 2.03 ms, found 2 plugins.
Preloading 0 native plugins for Editor in 0.00 ms.
Unloading 1689 Unused Serialized files (Serialized files now loaded: 0)
System memory in use before: 88.5 MB.
System memory in use after: 88.6 MB.

Unloading 17 unused Assets to reduce memory usage. Loaded Objects now: 2185.
Total: 7.828239 ms (FindLiveObjects: 0.700890 ms CreateObjectMapping: 0.438751 ms MarkObjects: 6.588960 ms  DeleteObjects: 0.095790 ms)

========================================================================
Received Import Request.
  Time since last request: 461.600294 seconds.
  path: Assets/Scripts/controller.cs
  artifactKey: Guid(29671da6eec8f7f4b87c03dda7efaf45) Importer(815301076,1909f56bfc062723c751e8b465ee728b)
Start importing Assets/Scripts/controller.cs using Guid(29671da6eec8f7f4b87c03dda7efaf45) Importer(815301076,1909f56bfc062723c751e8b465ee728b)  -> (artifact id: '394e5e3d44b0ede0a4eed67c496d7d59') in 0.020135 seconds
  Import took 0.110143 seconds .

